<?xml version="1.0" encoding="UTF-8"?>
<testng-results skipped="0" failed="0" ignored="0" total="1" passed="1">
  <reporter-output>
  </reporter-output>
  <suite name="Default suite" duration-ms="44005" started-at="2020-08-27T20:29:17 IST" finished-at="2020-08-27T20:30:01 IST">
    <groups>
    </groups>
    <test name="Default test" duration-ms="44005" started-at="2020-08-27T20:29:17 IST" finished-at="2020-08-27T20:30:01 IST">
      <class name="testsuite.TestSuite">
        <test-method status="PASS" signature="startServer()[pri:0, instance:testsuite.TestSuite@cd2dae5]" name="startServer" is-config="true" duration-ms="10063" started-at="2020-08-27T20:29:07 IST" finished-at="2020-08-27T20:29:17 IST">
          <reporter-output>
          </reporter-output>
        </test-method> <!-- startServer -->
        <test-method status="PASS" signature="capabilitiesGallery()[pri:0, instance:testsuite.TestSuite@cd2dae5]" name="capabilitiesGallery" is-config="true" duration-ms="21556" started-at="2020-08-27T20:29:17 IST" finished-at="2020-08-27T20:29:38 IST">
          <reporter-output>
          </reporter-output>
        </test-method> <!-- capabilitiesGallery -->
        <test-method status="PASS" signature="checkMethod()[pri:1, instance:testsuite.TestSuite@cd2dae5]" name="checkMethod" duration-ms="20170" started-at="2020-08-27T20:29:38 IST" finished-at="2020-08-27T20:29:59 IST">
          <reporter-output>
          </reporter-output>
        </test-method> <!-- checkMethod -->
        <test-method status="PASS" signature="closeAppAndDriver()[pri:0, instance:testsuite.TestSuite@cd2dae5]" name="closeAppAndDriver" is-config="true" duration-ms="2216" started-at="2020-08-27T20:29:59 IST" finished-at="2020-08-27T20:30:01 IST">
          <reporter-output>
          </reporter-output>
        </test-method> <!-- closeAppAndDriver -->
        <test-method status="PASS" signature="stopAppiumServer()[pri:0, instance:testsuite.TestSuite@cd2dae5]" name="stopAppiumServer" is-config="true" duration-ms="107" started-at="2020-08-27T20:30:01 IST" finished-at="2020-08-27T20:30:01 IST">
          <reporter-output>
          </reporter-output>
        </test-method> <!-- stopAppiumServer -->
      </class> <!-- testsuite.TestSuite -->
    </test> <!-- Default test -->
  </suite> <!-- Default suite -->
</testng-results>
